01:23:22.470 [main] INFO  i.n.b.BlogApplication - [logStarting,50] - Starting BlogApplication using Java 17.0.9 with PID 72 (/blog/target/classes started by root in /blog)
01:23:22.486 [main] INFO  i.n.b.BlogApplication - [logStartupProfileInfo,662] - No active profile set, falling back to 1 default profile: "default"
01:23:24.689 [main] INFO  o.s.b.a.l.ConditionEvaluationReportLogger - [logMessage,82] - 

Error starting ApplicationContext. To display the condition evaluation report re-run your application with 'debug' enabled.
09:29:07.961 [main] INFO  i.n.b.BlogApplication - [logStarting,50] - Starting BlogApplication using Java 17.0.8 with PID 30728 (C:\Users\Administrator\Desktop\blog\target\classes started by Administrator in C:\Users\Administrator\Desktop\blog)
09:29:07.966 [main] INFO  i.n.b.BlogApplication - [logStartupProfileInfo,662] - No active profile set, falling back to 1 default profile: "default"
09:29:08.995 [main] INFO  o.s.b.a.l.ConditionEvaluationReportLogger - [logMessage,82] - 

Error starting ApplicationContext. To display the condition evaluation report re-run your application with 'debug' enabled.
09:44:01.566 [main] INFO  i.n.b.BlogApplication - [logStarting,50] - Starting BlogApplication using Java 17.0.8 with PID 2136 (C:\Users\Administrator\Desktop\blog\target\classes started by Administrator in C:\Users\Administrator\Desktop\blog)
09:44:01.569 [main] INFO  i.n.b.BlogApplication - [logStartupProfileInfo,662] - No active profile set, falling back to 1 default profile: "default"
09:44:02.572 [main] INFO  o.s.b.a.l.ConditionEvaluationReportLogger - [logMessage,82] - 

Error starting ApplicationContext. To display the condition evaluation report re-run your application with 'debug' enabled.
09:45:51.936 [main] INFO  i.n.b.BlogApplication - [logStarting,50] - Starting BlogApplication using Java 17.0.8 with PID 28196 (C:\Users\Administrator\Desktop\blog\target\classes started by Administrator in C:\Users\Administrator\Desktop\blog)
09:45:51.943 [main] INFO  i.n.b.BlogApplication - [logStartupProfileInfo,662] - No active profile set, falling back to 1 default profile: "default"
09:45:52.902 [main] INFO  o.s.b.a.l.ConditionEvaluationReportLogger - [logMessage,82] - 

Error starting ApplicationContext. To display the condition evaluation report re-run your application with 'debug' enabled.
09:52:13.739 [main] INFO  i.n.b.BlogApplication - [logStarting,50] - Starting BlogApplication using Java 17.0.8 with PID 19008 (C:\Users\Administrator\Desktop\blog\target\classes started by Administrator in C:\Users\Administrator\Desktop\blog)
09:52:13.742 [main] INFO  i.n.b.BlogApplication - [logStartupProfileInfo,662] - No active profile set, falling back to 1 default profile: "default"
09:52:14.776 [main] INFO  o.s.b.a.l.ConditionEvaluationReportLogger - [logMessage,82] - 

Error starting ApplicationContext. To display the condition evaluation report re-run your application with 'debug' enabled.
09:52:49.277 [main] INFO  i.n.b.BlogApplication - [logStarting,50] - Starting BlogApplication using Java 17.0.8 with PID 29936 (C:\Users\Administrator\Desktop\blog\target\classes started by Administrator in C:\Users\Administrator\Desktop\blog)
09:52:49.286 [main] INFO  i.n.b.BlogApplication - [logStartupProfileInfo,662] - No active profile set, falling back to 1 default profile: "default"
09:52:50.361 [main] INFO  o.s.b.a.l.ConditionEvaluationReportLogger - [logMessage,82] - 

Error starting ApplicationContext. To display the condition evaluation report re-run your application with 'debug' enabled.
09:57:05.781 [main] INFO  i.n.b.BlogApplication - [logStarting,50] - Starting BlogApplication using Java 17.0.8 with PID 26084 (C:\Users\Administrator\Desktop\blog\target\classes started by Administrator in C:\Users\Administrator\Desktop\blog)
09:57:05.784 [main] INFO  i.n.b.BlogApplication - [logStartupProfileInfo,662] - No active profile set, falling back to 1 default profile: "default"
09:57:06.779 [main] INFO  o.s.b.a.l.ConditionEvaluationReportLogger - [logMessage,82] - 

Error starting ApplicationContext. To display the condition evaluation report re-run your application with 'debug' enabled.
10:00:00.887 [main] INFO  i.n.b.BlogApplication - [logStarting,50] - Starting BlogApplication using Java 17.0.8 with PID 29112 (C:\Users\Administrator\Desktop\blog\target\classes started by Administrator in C:\Users\Administrator\Desktop\blog)
10:00:00.892 [main] INFO  i.n.b.BlogApplication - [logStartupProfileInfo,662] - No active profile set, falling back to 1 default profile: "default"
10:00:02.740 [main] INFO  o.s.b.w.e.t.TomcatWebServer - [initialize,109] - Tomcat initialized with port 8080 (http)
10:00:02.751 [main] INFO  o.a.c.h.Http11NioProtocol - [log,173] - Initializing ProtocolHandler ["http-nio-8080"]
10:00:02.755 [main] INFO  o.a.c.c.StandardService - [log,173] - Starting service [Tomcat]
10:00:02.755 [main] INFO  o.a.c.c.StandardEngine - [log,173] - Starting Servlet engine: [Apache Tomcat/10.1.17]
10:00:02.870 [main] INFO  o.a.c.c.C.[.[.[/] - [log,173] - Initializing Spring embedded WebApplicationContext
10:00:02.870 [main] INFO  o.s.b.w.s.c.ServletWebServerApplicationContext - [prepareWebApplicationContext,296] - Root WebApplicationContext: initialization completed in 1869 ms
10:00:03.719 [main] INFO  o.a.c.h.Http11NioProtocol - [log,173] - Starting ProtocolHandler ["http-nio-8080"]
10:00:03.757 [main] INFO  o.s.b.w.e.t.TomcatWebServer - [start,241] - Tomcat started on port 8080 (http) with context path ''
10:00:03.768 [main] INFO  i.n.b.BlogApplication - [logStarted,56] - Started BlogApplication in 3.827 seconds (process running for 4.438)
02:06:33.816 [main] INFO  i.n.b.BlogApplication - [logStarting,50] - Starting BlogApplication using Java 17.0.9 with PID 62 (/blog/target/classes started by root in /blog)
02:06:33.822 [main] INFO  i.n.b.BlogApplication - [logStartupProfileInfo,662] - No active profile set, falling back to 1 default profile: "default"
02:06:37.053 [main] INFO  o.s.b.w.e.t.TomcatWebServer - [initialize,109] - Tomcat initialized with port 8080 (http)
02:06:37.086 [main] INFO  o.a.c.h.Http11NioProtocol - [log,173] - Initializing ProtocolHandler ["http-nio-8080"]
02:06:37.094 [main] INFO  o.a.c.c.StandardService - [log,173] - Starting service [Tomcat]
02:06:37.095 [main] INFO  o.a.c.c.StandardEngine - [log,173] - Starting Servlet engine: [Apache Tomcat/10.1.17]
02:06:37.232 [main] INFO  o.a.c.c.C.[.[.[/] - [log,173] - Initializing Spring embedded WebApplicationContext
02:06:37.233 [main] INFO  o.s.b.w.s.c.ServletWebServerApplicationContext - [prepareWebApplicationContext,296] - Root WebApplicationContext: initialization completed in 3299 ms
02:06:38.720 [main] INFO  o.a.c.h.Http11NioProtocol - [log,173] - Starting ProtocolHandler ["http-nio-8080"]
02:06:38.760 [main] INFO  o.s.b.w.e.t.TomcatWebServer - [start,241] - Tomcat started on port 8080 (http) with context path ''
02:06:38.776 [main] INFO  i.n.b.BlogApplication - [logStarted,56] - Started BlogApplication in 6.949 seconds (process running for 7.656)
02:08:57.543 [http-nio-8080-exec-1] INFO  o.a.c.c.C.[.[.[/] - [log,173] - Initializing Spring DispatcherServlet 'dispatcherServlet'
02:08:57.545 [http-nio-8080-exec-1] INFO  o.s.w.s.DispatcherServlet - [initServletBean,532] - Initializing Servlet 'dispatcherServlet'
02:08:57.553 [http-nio-8080-exec-1] INFO  o.s.w.s.DispatcherServlet - [initServletBean,554] - Completed initialization in 7 ms
02:31:34.934 [main] INFO  i.n.b.BlogApplication - [logStarting,50] - Starting BlogApplication using Java 17.0.9 with PID 62 (/blog/target/classes started by root in /blog)
02:31:34.939 [main] INFO  i.n.b.BlogApplication - [logStartupProfileInfo,662] - No active profile set, falling back to 1 default profile: "default"
02:31:37.761 [main] INFO  o.s.b.w.e.t.TomcatWebServer - [initialize,109] - Tomcat initialized with port 8080 (http)
02:31:37.786 [main] INFO  o.a.c.h.Http11NioProtocol - [log,173] - Initializing ProtocolHandler ["http-nio-8080"]
02:31:37.793 [main] INFO  o.a.c.c.StandardService - [log,173] - Starting service [Tomcat]
02:31:37.795 [main] INFO  o.a.c.c.StandardEngine - [log,173] - Starting Servlet engine: [Apache Tomcat/10.1.17]
02:31:37.928 [main] INFO  o.a.c.c.C.[.[.[/] - [log,173] - Initializing Spring embedded WebApplicationContext
02:31:37.929 [main] INFO  o.s.b.w.s.c.ServletWebServerApplicationContext - [prepareWebApplicationContext,296] - Root WebApplicationContext: initialization completed in 2883 ms
02:31:39.272 [main] INFO  o.a.c.h.Http11NioProtocol - [log,173] - Starting ProtocolHandler ["http-nio-8080"]
02:31:39.304 [main] INFO  o.s.b.w.e.t.TomcatWebServer - [start,241] - Tomcat started on port 8080 (http) with context path ''
02:31:39.317 [main] INFO  i.n.b.BlogApplication - [logStarted,56] - Started BlogApplication in 6.009 seconds (process running for 6.615)
02:33:05.001 [http-nio-8080-exec-1] INFO  o.a.c.c.C.[.[.[/] - [log,173] - Initializing Spring DispatcherServlet 'dispatcherServlet'
02:33:05.002 [http-nio-8080-exec-1] INFO  o.s.w.s.DispatcherServlet - [initServletBean,532] - Initializing Servlet 'dispatcherServlet'
02:33:05.006 [http-nio-8080-exec-1] INFO  o.s.w.s.DispatcherServlet - [initServletBean,554] - Completed initialization in 1 ms
10:35:35.529 [main] INFO  i.n.b.BlogApplication - [logStarting,50] - Starting BlogApplication using Java 17.0.8 with PID 32568 (C:\Users\Administrator\Desktop\blog\target\classes started by Administrator in C:\Users\Administrator\Desktop\blog)
10:35:35.535 [main] INFO  i.n.b.BlogApplication - [logStartupProfileInfo,662] - No active profile set, falling back to 1 default profile: "default"
10:35:37.326 [main] INFO  o.s.b.w.e.t.TomcatWebServer - [initialize,109] - Tomcat initialized with port 8080 (http)
10:35:37.336 [main] INFO  o.a.c.h.Http11NioProtocol - [log,173] - Initializing ProtocolHandler ["http-nio-8080"]
10:35:37.339 [main] INFO  o.a.c.c.StandardService - [log,173] - Starting service [Tomcat]
10:35:37.340 [main] INFO  o.a.c.c.StandardEngine - [log,173] - Starting Servlet engine: [Apache Tomcat/10.1.17]
10:35:37.449 [main] INFO  o.a.c.c.C.[.[.[/] - [log,173] - Initializing Spring embedded WebApplicationContext
10:35:37.450 [main] INFO  o.s.b.w.s.c.ServletWebServerApplicationContext - [prepareWebApplicationContext,296] - Root WebApplicationContext: initialization completed in 1816 ms
10:35:38.412 [main] INFO  o.a.c.h.Http11NioProtocol - [log,173] - Starting ProtocolHandler ["http-nio-8080"]
10:35:38.450 [main] INFO  o.s.b.w.e.t.TomcatWebServer - [start,241] - Tomcat started on port 8080 (http) with context path ''
10:35:38.462 [main] INFO  i.n.b.BlogApplication - [logStarted,56] - Started BlogApplication in 3.804 seconds (process running for 4.437)
10:38:54.419 [http-nio-8080-exec-4] INFO  o.a.c.c.C.[.[.[/] - [log,173] - Initializing Spring DispatcherServlet 'dispatcherServlet'
10:38:54.420 [http-nio-8080-exec-4] INFO  o.s.w.s.DispatcherServlet - [initServletBean,532] - Initializing Servlet 'dispatcherServlet'
10:38:54.422 [http-nio-8080-exec-4] INFO  o.s.w.s.DispatcherServlet - [initServletBean,554] - Completed initialization in 1 ms
10:42:46.183 [main] INFO  i.n.b.BlogApplication - [logStarting,50] - Starting BlogApplication using Java 17.0.8 with PID 26272 (C:\Users\Administrator\Desktop\blog\target\classes started by Administrator in C:\Users\Administrator\Desktop\blog)
10:42:46.188 [main] INFO  i.n.b.BlogApplication - [logStartupProfileInfo,662] - No active profile set, falling back to 1 default profile: "default"
10:42:47.970 [main] INFO  o.s.b.w.e.t.TomcatWebServer - [initialize,109] - Tomcat initialized with port 8080 (http)
10:42:47.988 [main] INFO  o.a.c.h.Http11NioProtocol - [log,173] - Initializing ProtocolHandler ["http-nio-8080"]
10:42:47.992 [main] INFO  o.a.c.c.StandardService - [log,173] - Starting service [Tomcat]
10:42:47.993 [main] INFO  o.a.c.c.StandardEngine - [log,173] - Starting Servlet engine: [Apache Tomcat/10.1.17]
10:42:48.094 [main] INFO  o.a.c.c.C.[.[.[/] - [log,173] - Initializing Spring embedded WebApplicationContext
10:42:48.094 [main] INFO  o.s.b.w.s.c.ServletWebServerApplicationContext - [prepareWebApplicationContext,296] - Root WebApplicationContext: initialization completed in 1816 ms
10:42:48.962 [main] INFO  o.a.c.h.Http11NioProtocol - [log,173] - Starting ProtocolHandler ["http-nio-8080"]
10:42:49.011 [main] INFO  o.s.b.w.e.t.TomcatWebServer - [start,241] - Tomcat started on port 8080 (http) with context path ''
10:42:49.027 [main] INFO  i.n.b.BlogApplication - [logStarted,56] - Started BlogApplication in 3.633 seconds (process running for 4.237)
10:42:59.896 [http-nio-8080-exec-1] INFO  o.a.c.c.C.[.[.[/] - [log,173] - Initializing Spring DispatcherServlet 'dispatcherServlet'
10:42:59.897 [http-nio-8080-exec-1] INFO  o.s.w.s.DispatcherServlet - [initServletBean,532] - Initializing Servlet 'dispatcherServlet'
10:42:59.898 [http-nio-8080-exec-1] INFO  o.s.w.s.DispatcherServlet - [initServletBean,554] - Completed initialization in 1 ms
10:43:52.146 [main] INFO  i.n.b.BlogApplication - [logStarting,50] - Starting BlogApplication using Java 17.0.8 with PID 29620 (C:\Users\Administrator\Desktop\blog\target\classes started by Administrator in C:\Users\Administrator\Desktop\blog)
10:43:52.151 [main] INFO  i.n.b.BlogApplication - [logStartupProfileInfo,662] - No active profile set, falling back to 1 default profile: "default"
10:43:54.008 [main] INFO  o.s.b.w.e.t.TomcatWebServer - [initialize,109] - Tomcat initialized with port 8080 (http)
10:43:54.018 [main] INFO  o.a.c.h.Http11NioProtocol - [log,173] - Initializing ProtocolHandler ["http-nio-8080"]
10:43:54.021 [main] INFO  o.a.c.c.StandardService - [log,173] - Starting service [Tomcat]
10:43:54.021 [main] INFO  o.a.c.c.StandardEngine - [log,173] - Starting Servlet engine: [Apache Tomcat/10.1.17]
10:43:54.132 [main] INFO  o.a.c.c.C.[.[.[/] - [log,173] - Initializing Spring embedded WebApplicationContext
10:43:54.132 [main] INFO  o.s.b.w.s.c.ServletWebServerApplicationContext - [prepareWebApplicationContext,296] - Root WebApplicationContext: initialization completed in 1865 ms
10:43:54.912 [main] INFO  o.a.c.h.Http11NioProtocol - [log,173] - Starting ProtocolHandler ["http-nio-8080"]
10:43:54.946 [main] INFO  o.s.b.w.e.t.TomcatWebServer - [start,241] - Tomcat started on port 8080 (http) with context path ''
10:43:54.960 [main] INFO  i.n.b.BlogApplication - [logStarted,56] - Started BlogApplication in 3.687 seconds (process running for 4.396)
10:44:04.849 [http-nio-8080-exec-1] INFO  o.a.c.c.C.[.[.[/] - [log,173] - Initializing Spring DispatcherServlet 'dispatcherServlet'
10:44:04.850 [http-nio-8080-exec-1] INFO  o.s.w.s.DispatcherServlet - [initServletBean,532] - Initializing Servlet 'dispatcherServlet'
10:44:04.851 [http-nio-8080-exec-1] INFO  o.s.w.s.DispatcherServlet - [initServletBean,554] - Completed initialization in 1 ms
10:44:04.910 [http-nio-8080-exec-1] INFO  i.n.b.c.LogController - [log,13] - a get request
10:44:41.150 [http-nio-8080-exec-3] INFO  i.n.b.c.LogController - [log,13] - a get request
10:45:48.078 [main] INFO  i.n.b.BlogApplication - [logStarting,50] - Starting BlogApplication using Java 17.0.8 with PID 29772 (C:\Users\Administrator\Desktop\blog\target\classes started by Administrator in C:\Users\Administrator\Desktop\blog)
10:45:48.082 [main] INFO  i.n.b.BlogApplication - [logStartupProfileInfo,662] - No active profile set, falling back to 1 default profile: "default"
10:45:49.787 [main] INFO  o.s.b.w.e.t.TomcatWebServer - [initialize,109] - Tomcat initialized with port 8080 (http)
10:45:49.797 [main] INFO  o.a.c.h.Http11NioProtocol - [log,173] - Initializing ProtocolHandler ["http-nio-8080"]
10:45:49.800 [main] INFO  o.a.c.c.StandardService - [log,173] - Starting service [Tomcat]
10:45:49.800 [main] INFO  o.a.c.c.StandardEngine - [log,173] - Starting Servlet engine: [Apache Tomcat/10.1.17]
10:45:49.900 [main] INFO  o.a.c.c.C.[.[.[/] - [log,173] - Initializing Spring embedded WebApplicationContext
10:45:49.901 [main] INFO  o.s.b.w.s.c.ServletWebServerApplicationContext - [prepareWebApplicationContext,296] - Root WebApplicationContext: initialization completed in 1755 ms
10:45:50.673 [main] INFO  o.a.c.h.Http11NioProtocol - [log,173] - Starting ProtocolHandler ["http-nio-8080"]
10:45:50.721 [main] INFO  o.s.b.w.e.t.TomcatWebServer - [start,241] - Tomcat started on port 8080 (http) with context path ''
10:45:50.736 [main] INFO  i.n.b.BlogApplication - [logStarted,56] - Started BlogApplication in 3.453 seconds (process running for 3.979)
10:46:18.034 [http-nio-8080-exec-1] INFO  o.a.c.c.C.[.[.[/] - [log,173] - Initializing Spring DispatcherServlet 'dispatcherServlet'
10:46:18.034 [http-nio-8080-exec-1] INFO  o.s.w.s.DispatcherServlet - [initServletBean,532] - Initializing Servlet 'dispatcherServlet'
10:46:18.036 [http-nio-8080-exec-1] INFO  o.s.w.s.DispatcherServlet - [initServletBean,554] - Completed initialization in 1 ms
10:46:18.079 [http-nio-8080-exec-1] INFO  i.n.b.c.LogController - [log,15] - a get request
10:49:20.080 [main] INFO  i.n.b.BlogApplication - [logStarting,50] - Starting BlogApplication using Java 17.0.8 with PID 29416 (C:\Users\Administrator\Desktop\blog\target\classes started by Administrator in C:\Users\Administrator\Desktop\blog)
10:49:20.087 [main] INFO  i.n.b.BlogApplication - [logStartupProfileInfo,662] - No active profile set, falling back to 1 default profile: "default"
10:49:21.823 [main] INFO  o.s.b.w.e.t.TomcatWebServer - [initialize,109] - Tomcat initialized with port 8080 (http)
10:49:21.837 [main] INFO  o.a.c.h.Http11NioProtocol - [log,173] - Initializing ProtocolHandler ["http-nio-8080"]
10:49:21.839 [main] INFO  o.a.c.c.StandardService - [log,173] - Starting service [Tomcat]
10:49:21.839 [main] INFO  o.a.c.c.StandardEngine - [log,173] - Starting Servlet engine: [Apache Tomcat/10.1.17]
10:49:21.948 [main] INFO  o.a.c.c.C.[.[.[/] - [log,173] - Initializing Spring embedded WebApplicationContext
10:49:21.949 [main] INFO  o.s.b.w.s.c.ServletWebServerApplicationContext - [prepareWebApplicationContext,296] - Root WebApplicationContext: initialization completed in 1794 ms
10:49:22.825 [main] INFO  o.a.c.h.Http11NioProtocol - [log,173] - Starting ProtocolHandler ["http-nio-8080"]
10:49:22.854 [main] INFO  o.s.b.w.e.t.TomcatWebServer - [start,241] - Tomcat started on port 8080 (http) with context path ''
10:49:22.869 [main] INFO  i.n.b.BlogApplication - [logStarted,56] - Started BlogApplication in 3.574 seconds (process running for 4.113)
10:49:28.742 [http-nio-8080-exec-1] INFO  o.a.c.c.C.[.[.[/] - [log,173] - Initializing Spring DispatcherServlet 'dispatcherServlet'
10:49:28.743 [http-nio-8080-exec-1] INFO  o.s.w.s.DispatcherServlet - [initServletBean,532] - Initializing Servlet 'dispatcherServlet'
10:49:28.744 [http-nio-8080-exec-1] INFO  o.s.w.s.DispatcherServlet - [initServletBean,554] - Completed initialization in 1 ms
10:49:28.789 [http-nio-8080-exec-1] INFO  i.n.b.c.LogController - [log,15] - a get request
03:24:45.621 [main] INFO  i.n.b.BlogApplication - [logStarting,50] - Starting BlogApplication using Java 17.0.9 with PID 61 (/blog/target/classes started by root in /blog)
03:24:45.627 [main] INFO  i.n.b.BlogApplication - [logStartupProfileInfo,662] - No active profile set, falling back to 1 default profile: "default"
03:24:48.875 [main] INFO  o.s.b.w.e.t.TomcatWebServer - [initialize,109] - Tomcat initialized with port 8080 (http)
03:24:48.903 [main] INFO  o.a.c.h.Http11NioProtocol - [log,173] - Initializing ProtocolHandler ["http-nio-8080"]
03:24:48.910 [main] INFO  o.a.c.c.StandardService - [log,173] - Starting service [Tomcat]
03:24:48.911 [main] INFO  o.a.c.c.StandardEngine - [log,173] - Starting Servlet engine: [Apache Tomcat/10.1.17]
03:24:49.034 [main] INFO  o.a.c.c.C.[.[.[/] - [log,173] - Initializing Spring embedded WebApplicationContext
03:24:49.035 [main] INFO  o.s.b.w.s.c.ServletWebServerApplicationContext - [prepareWebApplicationContext,296] - Root WebApplicationContext: initialization completed in 3273 ms
03:24:50.476 [main] INFO  o.a.c.h.Http11NioProtocol - [log,173] - Starting ProtocolHandler ["http-nio-8080"]
03:24:50.522 [main] INFO  o.s.b.w.e.t.TomcatWebServer - [start,241] - Tomcat started on port 8080 (http) with context path ''
03:24:50.536 [main] INFO  i.n.b.BlogApplication - [logStarted,56] - Started BlogApplication in 6.998 seconds (process running for 7.732)
03:35:45.684 [main] INFO  i.n.b.BlogApplication - [logStarting,50] - Starting BlogApplication using Java 17.0.9 with PID 41 (/blog/target/classes started by root in /blog)
03:35:45.688 [main] INFO  i.n.b.BlogApplication - [logStartupProfileInfo,662] - No active profile set, falling back to 1 default profile: "default"
03:35:48.605 [main] INFO  o.s.b.w.e.t.TomcatWebServer - [initialize,109] - Tomcat initialized with port 8080 (http)
03:35:48.632 [main] INFO  o.a.c.h.Http11NioProtocol - [log,173] - Initializing ProtocolHandler ["http-nio-8080"]
03:35:48.639 [main] INFO  o.a.c.c.StandardService - [log,173] - Starting service [Tomcat]
03:35:48.641 [main] INFO  o.a.c.c.StandardEngine - [log,173] - Starting Servlet engine: [Apache Tomcat/10.1.17]
03:35:48.769 [main] INFO  o.a.c.c.C.[.[.[/] - [log,173] - Initializing Spring embedded WebApplicationContext
03:35:48.770 [main] INFO  o.s.b.w.s.c.ServletWebServerApplicationContext - [prepareWebApplicationContext,296] - Root WebApplicationContext: initialization completed in 2971 ms
03:35:50.195 [main] INFO  o.a.c.h.Http11NioProtocol - [log,173] - Starting ProtocolHandler ["http-nio-8080"]
03:35:50.228 [main] INFO  o.s.b.w.e.t.TomcatWebServer - [start,241] - Tomcat started on port 8080 (http) with context path ''
03:35:50.241 [main] INFO  i.n.b.BlogApplication - [logStarted,56] - Started BlogApplication in 6.345 seconds (process running for 7.072)
03:45:26.023 [http-nio-8080-exec-1] INFO  o.a.c.c.C.[.[.[/] - [log,173] - Initializing Spring DispatcherServlet 'dispatcherServlet'
03:45:26.025 [http-nio-8080-exec-1] INFO  o.s.w.s.DispatcherServlet - [initServletBean,532] - Initializing Servlet 'dispatcherServlet'
03:45:26.027 [http-nio-8080-exec-1] INFO  o.s.w.s.DispatcherServlet - [initServletBean,554] - Completed initialization in 1 ms
03:45:26.109 [http-nio-8080-exec-1] INFO  i.n.b.c.LogController - [log,15] - a get request
12:30:34.868 [main] INFO  i.n.b.BlogApplication - [logStarting,50] - Starting BlogApplication using Java 17.0.8 with PID 33104 (C:\Users\Administrator\Desktop\blog\target\classes started by Administrator in C:\Users\Administrator\Desktop\blog)
12:30:34.871 [main] INFO  i.n.b.BlogApplication - [logStartupProfileInfo,662] - No active profile set, falling back to 1 default profile: "default"
12:30:36.591 [main] INFO  o.s.b.w.e.t.TomcatWebServer - [initialize,109] - Tomcat initialized with port 8080 (http)
12:30:36.601 [main] INFO  o.a.c.h.Http11NioProtocol - [log,173] - Initializing ProtocolHandler ["http-nio-8080"]
12:30:36.604 [main] INFO  o.a.c.c.StandardService - [log,173] - Starting service [Tomcat]
12:30:36.605 [main] INFO  o.a.c.c.StandardEngine - [log,173] - Starting Servlet engine: [Apache Tomcat/10.1.17]
12:30:36.737 [main] INFO  o.a.c.c.C.[.[.[/] - [log,173] - Initializing Spring embedded WebApplicationContext
12:30:36.738 [main] INFO  o.s.b.w.s.c.ServletWebServerApplicationContext - [prepareWebApplicationContext,296] - Root WebApplicationContext: initialization completed in 1794 ms
12:30:37.561 [main] INFO  o.a.c.h.Http11NioProtocol - [log,173] - Starting ProtocolHandler ["http-nio-8080"]
12:30:37.601 [main] INFO  o.s.b.w.e.t.TomcatWebServer - [start,241] - Tomcat started on port 8080 (http) with context path ''
12:30:37.617 [main] INFO  i.n.b.BlogApplication - [logStarted,56] - Started BlogApplication in 3.585 seconds (process running for 4.196)
18:48:51.992 [main] INFO  i.n.b.BlogApplication - [logStarting,50] - Starting BlogApplication using Java 17.0.8 with PID 23368 (C:\Users\Administrator\Desktop\blog\target\classes started by Administrator in C:\Users\Administrator\Desktop\blog)
18:48:51.996 [main] INFO  i.n.b.BlogApplication - [logStartupProfileInfo,662] - No active profile set, falling back to 1 default profile: "default"
18:48:53.012 [main] INFO  o.s.b.w.e.t.TomcatWebServer - [initialize,109] - Tomcat initialized with port 8080 (http)
18:48:53.022 [main] INFO  o.a.c.h.Http11NioProtocol - [log,173] - Initializing ProtocolHandler ["http-nio-8080"]
18:48:53.025 [main] INFO  o.a.c.c.StandardService - [log,173] - Starting service [Tomcat]
18:48:53.025 [main] INFO  o.a.c.c.StandardEngine - [log,173] - Starting Servlet engine: [Apache Tomcat/10.1.17]
18:48:53.115 [main] INFO  o.a.c.c.C.[.[.[/] - [log,173] - Initializing Spring embedded WebApplicationContext
18:48:53.115 [main] INFO  o.s.b.w.s.c.ServletWebServerApplicationContext - [prepareWebApplicationContext,296] - Root WebApplicationContext: initialization completed in 1064 ms
18:48:53.815 [main] INFO  o.a.c.h.Http11NioProtocol - [log,173] - Starting ProtocolHandler ["http-nio-8080"]
18:48:53.840 [main] INFO  o.s.b.w.e.t.TomcatWebServer - [start,241] - Tomcat started on port 8080 (http) with context path ''
18:48:53.851 [main] INFO  i.n.b.BlogApplication - [logStarted,56] - Started BlogApplication in 2.563 seconds (process running for 3.447)
18:49:11.045 [http-nio-8080-exec-1] INFO  o.a.c.c.C.[.[.[/] - [log,173] - Initializing Spring DispatcherServlet 'dispatcherServlet'
18:49:11.046 [http-nio-8080-exec-1] INFO  o.s.w.s.DispatcherServlet - [initServletBean,532] - Initializing Servlet 'dispatcherServlet'
18:49:11.047 [http-nio-8080-exec-1] INFO  o.s.w.s.DispatcherServlet - [initServletBean,554] - Completed initialization in 1 ms
18:49:11.073 [http-nio-8080-exec-1] INFO  i.n.b.c.LogController - [log,15] - a get request
18:49:29.736 [http-nio-8080-exec-2] INFO  i.n.b.c.LogController - [log,15] - a get request
18:49:48.045 [main] INFO  i.n.b.BlogApplication - [logStarting,50] - Starting BlogApplication using Java 17.0.8 with PID 29912 (C:\Users\Administrator\Desktop\blog\target\classes started by Administrator in C:\Users\Administrator\Desktop\blog)
18:49:48.048 [main] INFO  i.n.b.BlogApplication - [logStartupProfileInfo,662] - No active profile set, falling back to 1 default profile: "default"
18:49:49.174 [main] INFO  o.s.b.w.e.t.TomcatWebServer - [initialize,109] - Tomcat initialized with port 8080 (http)
18:49:49.186 [main] INFO  o.a.c.h.Http11NioProtocol - [log,173] - Initializing ProtocolHandler ["http-nio-8080"]
18:49:49.188 [main] INFO  o.a.c.c.StandardService - [log,173] - Starting service [Tomcat]
18:49:49.188 [main] INFO  o.a.c.c.StandardEngine - [log,173] - Starting Servlet engine: [Apache Tomcat/10.1.17]
18:49:49.262 [main] INFO  o.a.c.c.C.[.[.[/] - [log,173] - Initializing Spring embedded WebApplicationContext
18:49:49.263 [main] INFO  o.s.b.w.s.c.ServletWebServerApplicationContext - [prepareWebApplicationContext,296] - Root WebApplicationContext: initialization completed in 1164 ms
18:49:49.852 [main] INFO  o.a.c.h.Http11NioProtocol - [log,173] - Starting ProtocolHandler ["http-nio-8080"]
18:49:49.876 [main] INFO  o.s.b.w.e.t.TomcatWebServer - [start,241] - Tomcat started on port 8080 (http) with context path ''
18:49:49.885 [main] INFO  i.n.b.BlogApplication - [logStarted,56] - Started BlogApplication in 2.447 seconds (process running for 3.223)
18:49:57.163 [http-nio-8080-exec-1] INFO  o.a.c.c.C.[.[.[/] - [log,173] - Initializing Spring DispatcherServlet 'dispatcherServlet'
18:49:57.164 [http-nio-8080-exec-1] INFO  o.s.w.s.DispatcherServlet - [initServletBean,532] - Initializing Servlet 'dispatcherServlet'
18:49:57.165 [http-nio-8080-exec-1] INFO  o.s.w.s.DispatcherServlet - [initServletBean,554] - Completed initialization in 1 ms
18:49:57.190 [http-nio-8080-exec-1] INFO  i.n.b.c.LogController - [log,15] - a get request
18:49:59.137 [http-nio-8080-exec-3] INFO  i.n.b.c.LogController - [log,15] - a get request
18:50:26.661 [http-nio-8080-exec-5] INFO  c.z.h.HikariDataSource - [getConnection,110] - HikariPool-1 - Starting...
18:51:17.525 [http-nio-8080-exec-9] INFO  c.z.h.HikariDataSource - [getConnection,110] - HikariPool-1 - Starting...
18:51:17.739 [http-nio-8080-exec-9] INFO  c.z.h.p.HikariPool - [checkFailFast,565] - HikariPool-1 - Added connection com.mysql.cj.jdbc.ConnectionImpl@5bdc541d
18:51:17.741 [http-nio-8080-exec-9] INFO  c.z.h.HikariDataSource - [getConnection,123] - HikariPool-1 - Start completed.
18:51:36.582 [SpringApplicationShutdownHook] INFO  c.z.h.HikariDataSource - [close,350] - HikariPool-1 - Shutdown initiated...
18:51:36.602 [SpringApplicationShutdownHook] INFO  c.z.h.HikariDataSource - [close,352] - HikariPool-1 - Shutdown completed.
11:25:25.834 [main] INFO  i.n.b.BlogApplication - [logStarting,50] - Starting BlogApplication using Java 17.0.9 with PID 70 (/blog/target/classes started by root in /blog)
11:25:25.841 [main] INFO  i.n.b.BlogApplication - [logStartupProfileInfo,662] - No active profile set, falling back to 1 default profile: "default"
11:25:28.707 [main] INFO  o.s.b.w.e.t.TomcatWebServer - [initialize,109] - Tomcat initialized with port 8080 (http)
11:25:28.732 [main] INFO  o.a.c.h.Http11NioProtocol - [log,173] - Initializing ProtocolHandler ["http-nio-8080"]
11:25:28.741 [main] INFO  o.a.c.c.StandardService - [log,173] - Starting service [Tomcat]
11:25:28.742 [main] INFO  o.a.c.c.StandardEngine - [log,173] - Starting Servlet engine: [Apache Tomcat/10.1.17]
11:25:28.873 [main] INFO  o.a.c.c.C.[.[.[/] - [log,173] - Initializing Spring embedded WebApplicationContext
11:25:28.874 [main] INFO  o.s.b.w.s.c.ServletWebServerApplicationContext - [prepareWebApplicationContext,296] - Root WebApplicationContext: initialization completed in 2919 ms
11:25:30.399 [main] INFO  o.a.c.h.Http11NioProtocol - [log,173] - Starting ProtocolHandler ["http-nio-8080"]
11:25:30.434 [main] INFO  o.s.b.w.e.t.TomcatWebServer - [start,241] - Tomcat started on port 8080 (http) with context path ''
11:25:30.447 [main] INFO  i.n.b.BlogApplication - [logStarted,56] - Started BlogApplication in 6.238 seconds (process running for 6.871)
11:44:10.636 [http-nio-8080-exec-2] INFO  o.a.c.c.C.[.[.[/] - [log,173] - Initializing Spring DispatcherServlet 'dispatcherServlet'
11:44:10.638 [http-nio-8080-exec-2] INFO  o.s.w.s.DispatcherServlet - [initServletBean,532] - Initializing Servlet 'dispatcherServlet'
11:44:10.642 [http-nio-8080-exec-2] INFO  o.s.w.s.DispatcherServlet - [initServletBean,554] - Completed initialization in 3 ms
11:44:10.803 [http-nio-8080-exec-2] INFO  c.z.h.HikariDataSource - [getConnection,110] - HikariPool-1 - Starting...
11:44:11.482 [http-nio-8080-exec-2] INFO  c.z.h.p.HikariPool - [checkFailFast,565] - HikariPool-1 - Added connection com.mysql.cj.jdbc.ConnectionImpl@6332fd2
11:44:11.490 [http-nio-8080-exec-2] INFO  c.z.h.HikariDataSource - [getConnection,123] - HikariPool-1 - Start completed.
